app/build/outputs/logs/manifest-merger-debug-report.txt
-- Merging decision tree log ---
manifest
ADDED from src\main\AndroidManifest.xml:2:1-206:12
	xmlns:android
		ADDED from src\main\AndroidManifest.xml:2:11-69
	package
		ADDED from src\main\AndroidManifest.xml:3:5-36
		INJECTED from src\main\AndroidManifest.xml
		INJECTED from src\main\AndroidManifest.xml
	android:versionName
		ADDED from src\main\AndroidManifest.xml:6:5-32
		INJECTED from src\main\AndroidManifest.xml
		INJECTED from src\main\AndroidManifest.xml
	android:versionCode
		ADDED from src\main\AndroidManifest.xml:5:5-28
		INJECTED from src\main\AndroidManifest.xml
		INJECTED from src\main\AndroidManifest.xml
	android:installLocation
		ADDED from src\main\AndroidManifest.xml:4:5-35
uses-sdk
ADDED from src\main\AndroidManifest.xml:8:5-10:41
MERGED from [com.android.support:appcompat-v7:19.1.0] AndroidManifest.xml:18:5-42
MERGED from [Estate:logCollector:unspecified] AndroidManifest.xml:7:5-9:41
MERGED from [Estate:library:unspecified] AndroidManifest.xml:7:5-9:40
MERGED from [com.android.volley:Estate-volley:unspecified] AndroidManifest.xml:7:5-43
MERGED from [Estate:myvolleyrequestlib:unspecified] AndroidManifest.xml:7:5-9:41
MERGED from [com.android.volley:Estate-volley:unspecified] AndroidManifest.xml:7:5-43
MERGED from [Estate:casloginprocess:unspecified] AndroidManifest.xml:7:5-9:41
MERGED from [com.android.volley:Estate-volley:unspecified] AndroidManifest.xml:7:5-43
MERGED from [Estate:myvolleyrequestlib:unspecified] AndroidManifest.xml:7:5-9:41
MERGED from [com.android.volley:Estate-volley:unspecified] AndroidManifest.xml:7:5-43
	android:targetSdkVersion
		ADDED from src\main\AndroidManifest.xml:10:9-38
		INJECTED from src\main\AndroidManifest.xml
		INJECTED from src\main\AndroidManifest.xml
	android:minSdkVersion
		ADDED from src\main\AndroidManifest.xml:9:9-35
		INJECTED from src\main\AndroidManifest.xml
		INJECTED from src\main\AndroidManifest.xml
uses-permission#android.permission.RESTART_PACKAGES
ADDED from src\main\AndroidManifest.xml:12:5-75
	android:name
		ADDED from src\main\AndroidManifest.xml:12:22-72
uses-permission#android.permission.CALL_PHONE
ADDED from src\main\AndroidManifest.xml:13:5-69
	android:name
		ADDED from src\main\AndroidManifest.xml:13:22-66
uses-permission#android.permission.SEND_SMS
ADDED from src\main\AndroidManifest.xml:14:5-67
	android:name
		ADDED from src\main\AndroidManifest.xml:14:22-64
uses-permission#android.permission.RECEIVE_SMS
ADDED from src\main\AndroidManifest.xml:15:5-70
	android:name
		ADDED from src\main\AndroidManifest.xml:15:22-67
uses-permission#android.permission.READ_SMS
ADDED from src\main\AndroidManifest.xml:16:5-67
	android:name
		ADDED from src\main\AndroidManifest.xml:16:22-64
uses-permission#android.permission.INTERNET
ADDED from src\main\AndroidManifest.xml:17:5-67
MERGED from [Estate:logCollector:unspecified] AndroidManifest.xml:12:5-67
	android:name
		ADDED from src\main\AndroidManifest.xml:17:22-64
uses-permission#android.permission.READ_PHONE_STATE
ADDED from src\main\AndroidManifest.xml:18:5-75
MERGED from [Estate:logCollector:unspecified] AndroidManifest.xml:11:5-75
	android:name
		ADDED from src\main\AndroidManifest.xml:18:22-72
uses-permission#android.permission.ACCESS_COARSE_LOCATION
ADDED from src\main\AndroidManifest.xml:19:5-81
	android:name
		ADDED from src\main\AndroidManifest.xml:19:22-78
uses-permission#android.permission.WRITE_SETTINGS
ADDED from src\main\AndroidManifest.xml:20:5-73
	android:name
		ADDED from src\main\AndroidManifest.xml:20:22-70
uses-permission#android.permission.SYSTEM_ALERT_WINDOW
ADDED from src\main\AndroidManifest.xml:21:5-78
	android:name
		ADDED from src\main\AndroidManifest.xml:21:22-75
uses-permission#android.permission.WRITE_EXTERNAL_STORAGE
ADDED from src\main\AndroidManifest.xml:22:5-81
MERGED from [Estate:logCollector:unspecified] AndroidManifest.xml:13:5-81
	android:name
		ADDED from src\main\AndroidManifest.xml:22:22-78
uses-permission#android.permission.MOUNT_UNMOUNT_FILESYSTEMS
ADDED from src\main\AndroidManifest.xml:23:5-84
	android:name
		ADDED from src\main\AndroidManifest.xml:23:22-81
uses-permission#android.permission.CHANGE_NETWORK_STATE
ADDED from src\main\AndroidManifest.xml:24:5-79
	android:name
		ADDED from src\main\AndroidManifest.xml:24:22-76
uses-permission#android.permission.CHANGE_WIFI_STATE
ADDED from src\main\AndroidManifest.xml:25:5-76
	android:name
		ADDED from src\main\AndroidManifest.xml:25:22-73
uses-permission#android.permission.ACCESS_NETWORK_STATE
ADDED from src\main\AndroidManifest.xml:26:5-79
MERGED from [Estate:logCollector:unspecified] AndroidManifest.xml:14:5-79
	android:name
		ADDED from src\main\AndroidManifest.xml:26:22-76
uses-permission#android.permission.ACCESS_WIFI_STATE
ADDED from src\main\AndroidManifest.xml:27:5-76
MERGED from [Estate:logCollector:unspecified] AndroidManifest.xml:15:5-76
	android:name
		ADDED from src\main\AndroidManifest.xml:27:22-73
uses-permission#android.permission.CAMERA
ADDED from src\main\AndroidManifest.xml:28:5-65
	android:name
		ADDED from src\main\AndroidManifest.xml:28:22-62
uses-permission#android.permission.BLUETOOTH
ADDED from src\main\AndroidManifest.xml:29:5-68
	android:name
		ADDED from src\main\AndroidManifest.xml:29:22-65
uses-permission#android.permission.BLUETOOTH_ADMIN
ADDED from src\main\AndroidManifest.xml:30:5-74
	android:name
		ADDED from src\main\AndroidManifest.xml:30:22-71
uses-permission#android.permission.GET_TASKS
ADDED from src\main\AndroidManifest.xml:31:5-68
	android:name
		ADDED from src\main\AndroidManifest.xml:31:22-65
uses-permission#android.permission.VIBRATE
ADDED from src\main\AndroidManifest.xml:32:5-66
	android:name
		ADDED from src\main\AndroidManifest.xml:32:22-63
uses-feature#android.hardware.camera
ADDED from src\main\AndroidManifest.xml:34:5-60
	android:name
		ADDED from src\main\AndroidManifest.xml:34:19-57
uses-feature#android.hardware.camera.autofocus
ADDED from src\main\AndroidManifest.xml:35:5-70
	android:name
		ADDED from src\main\AndroidManifest.xml:35:19-67
uses-permission#android.permission.READ_EXTERNAL_STORAGE
ADDED from src\main\AndroidManifest.xml:37:5-80
	android:name
		ADDED from src\main\AndroidManifest.xml:37:22-77
application
ADDED from src\main\AndroidManifest.xml:39:5-204:19
MERGED from [com.android.support:appcompat-v7:19.1.0] AndroidManifest.xml:19:5-20
MERGED from [Estate:library:unspecified] AndroidManifest.xml:11:5-20
MERGED from [com.android.volley:Estate-volley:unspecified] AndroidManifest.xml:9:5-20
MERGED from [Estate:myvolleyrequestlib:unspecified] AndroidManifest.xml:11:5-15:19
MERGED from [com.android.volley:Estate-volley:unspecified] AndroidManifest.xml:9:5-20
MERGED from [Estate:casloginprocess:unspecified] AndroidManifest.xml:11:5-15:19
MERGED from [com.android.volley:Estate-volley:unspecified] AndroidManifest.xml:9:5-20
MERGED from [Estate:myvolleyrequestlib:unspecified] AndroidManifest.xml:11:5-15:19
MERGED from [com.android.volley:Estate-volley:unspecified] AndroidManifest.xml:9:5-20
	android:supportsRtl
		ADDED from [Estate:myvolleyrequestlib:unspecified] AndroidManifest.xml:14:9-35
	android:label
		ADDED from src\main\AndroidManifest.xml:42:9-41
	android:allowBackup
		ADDED from src\main\AndroidManifest.xml:40:9-35
	android:icon
		ADDED from src\main\AndroidManifest.xml:41:9-45
	android:theme
		ADDED from src\main\AndroidManifest.xml:43:9-40
activity#com.uestc.ui.activity.DetectAutoLoginActivity
ADDED from src\main\AndroidManifest.xml:44:9-53:20
	android:screenOrientation
		ADDED from src\main\AndroidManifest.xml:47:13-49
	android:label
		ADDED from src\main\AndroidManifest.xml:46:13-45
	android:name
		ADDED from src\main\AndroidManifest.xml:45:13-52
intent-filter#android.intent.action.MAIN+android.intent.category.LAUNCHER
ADDED from src\main\AndroidManifest.xml:48:13-52:29
action#android.intent.action.MAIN
ADDED from src\main\AndroidManifest.xml:49:17-69
	android:name
		ADDED from src\main\AndroidManifest.xml:49:25-66
category#android.intent.category.LAUNCHER
ADDED from src\main\AndroidManifest.xml:51:17-77
	android:name
		ADDED from src\main\AndroidManifest.xml:51:27-74
activity#com.uestc.ui.activity.LoginActivity
ADDED from src\main\AndroidManifest.xml:54:9-57:52
	android:screenOrientation
		ADDED from src\main\AndroidManifest.xml:57:13-49
	android:label
		ADDED from src\main\AndroidManifest.xml:56:13-45
	android:name
		ADDED from src\main\AndroidManifest.xml:55:13-42
activity#com.uestc.ui.activity.FindPasswordActivity
ADDED from src\main\AndroidManifest.xml:58:9-61:52
	android:screenOrientation
		ADDED from src\main\AndroidManifest.xml:61:13-49
	android:label
		ADDED from src\main\AndroidManifest.xml:60:13-45
	android:name
		ADDED from src\main\AndroidManifest.xml:59:13-49
activity#com.uestc.ui.activity.RegisterActivity1
ADDED from src\main\AndroidManifest.xml:62:9-65:52
	android:screenOrientation
		ADDED from src\main\AndroidManifest.xml:65:13-49
	android:label
		ADDED from src\main\AndroidManifest.xml:64:13-45
	android:name
		ADDED from src\main\AndroidManifest.xml:63:13-46
activity#com.uestc.ui.activity.TiedOwnersActivity
ADDED from src\main\AndroidManifest.xml:66:9-69:52
	android:screenOrientation
		ADDED from src\main\AndroidManifest.xml:69:13-49
	android:label
		ADDED from src\main\AndroidManifest.xml:68:13-45
	android:name
		ADDED from src\main\AndroidManifest.xml:67:13-47
activity#com.uestc.ui.activity.OwerReviewActivity
ADDED from src\main\AndroidManifest.xml:70:9-73:52
	android:screenOrientation
		ADDED from src\main\AndroidManifest.xml:73:13-49
	android:label
		ADDED from src\main\AndroidManifest.xml:72:13-45
	android:name
		ADDED from src\main\AndroidManifest.xml:71:13-47
activity#com.uestc.ui.activity.HomeActivity
ADDED from src\main\AndroidManifest.xml:74:9-77:52
	android:screenOrientation
		ADDED from src\main\AndroidManifest.xml:77:13-49
	android:label
		ADDED from src\main\AndroidManifest.xml:76:13-45
	android:name
		ADDED from src\main\AndroidManifest.xml:75:13-41
activity#com.uestc.ui.activity.MeActivity
ADDED from src\main\AndroidManifest.xml:78:9-81:52
	android:screenOrientation
		ADDED from src\main\AndroidManifest.xml:81:13-49
	android:label
		ADDED from src\main\AndroidManifest.xml:80:13-45
	android:name
		ADDED from src\main\AndroidManifest.xml:79:13-39
activity#com.uestc.ui.activity.AnnouncementListActivity
ADDED from src\main\AndroidManifest.xml:82:9-85:52
	android:screenOrientation
		ADDED from src\main\AndroidManifest.xml:85:13-49
	android:label
		ADDED from src\main\AndroidManifest.xml:84:13-45
	android:name
		ADDED from src\main\AndroidManifest.xml:83:13-53
activity#com.uestc.ui.activity.AnnouncementActivity
ADDED from src\main\AndroidManifest.xml:86:9-89:52
	android:screenOrientation
		ADDED from src\main\AndroidManifest.xml:89:13-49
	android:label
		ADDED from src\main\AndroidManifest.xml:88:13-45
	android:name
		ADDED from src\main\AndroidManifest.xml:87:13-49
activity#com.uestc.ui.activity.BillActivity
ADDED from src\main\AndroidManifest.xml:90:9-93:52
	android:screenOrientation
		ADDED from src\main\AndroidManifest.xml:93:13-49
	android:label
		ADDED from src\main\AndroidManifest.xml:92:13-45
	android:name
		ADDED from src\main\AndroidManifest.xml:91:13-41
activity#com.uestc.ui.activity.RepairActivity
ADDED from src\main\AndroidManifest.xml:94:9-97:52
	android:screenOrientation
		ADDED from src\main\AndroidManifest.xml:97:13-49
	android:label
		ADDED from src\main\AndroidManifest.xml:96:13-45
	android:name
		ADDED from src\main\AndroidManifest.xml:95:13-43
activity#com.uestc.ui.activity.ComplainActivity
ADDED from src\main\AndroidManifest.xml:98:9-101:52
	android:screenOrientation
		ADDED from src\main\AndroidManifest.xml:101:13-49
	android:label
		ADDED from src\main\AndroidManifest.xml:100:13-45
	android:name
		ADDED from src\main\AndroidManifest.xml:99:13-45
activity#com.uestc.ui.activity.MyRepairListActivity
ADDED from src\main\AndroidManifest.xml:102:9-105:52
	android:screenOrientation
		ADDED from src\main\AndroidManifest.xml:105:13-49
	android:label
		ADDED from src\main\AndroidManifest.xml:104:13-45
	android:name
		ADDED from src\main\AndroidManifest.xml:103:13-49
activity#com.uestc.ui.activity.MyRepairActivity
ADDED from src\main\AndroidManifest.xml:106:9-109:52
	android:screenOrientation
		ADDED from src\main\AndroidManifest.xml:109:13-49
	android:label
		ADDED from src\main\AndroidManifest.xml:108:13-45
	android:name
		ADDED from src\main\AndroidManifest.xml:107:13-45
activity#com.uestc.ui.activity.MyComplainActivity
ADDED from src\main\AndroidManifest.xml:110:9-113:52
	android:screenOrientation
		ADDED from src\main\AndroidManifest.xml:113:13-49
	android:label
		ADDED from src\main\AndroidManifest.xml:112:13-45
	android:name
		ADDED from src\main\AndroidManifest.xml:111:13-47
activity#com.uestc.ui.activity.MyComplainListActivity
ADDED from src\main\AndroidManifest.xml:114:9-117:52
	android:screenOrientation
		ADDED from src\main\AndroidManifest.xml:117:13-49
	android:label
		ADDED from src\main\AndroidManifest.xml:116:13-45
	android:name
		ADDED from src\main\AndroidManifest.xml:115:13-51
activity#com.uestc.ui.activity.MyDataActivity
ADDED from src\main\AndroidManifest.xml:118:9-121:52
	android:screenOrientation
		ADDED from src\main\AndroidManifest.xml:121:13-49
	android:label
		ADDED from src\main\AndroidManifest.xml:120:13-45
	android:name
		ADDED from src\main\AndroidManifest.xml:119:13-43
activity#com.uestc.ui.activity.ResetPasswordActivity
ADDED from src\main\AndroidManifest.xml:122:9-125:52
	android:screenOrientation
		ADDED from src\main\AndroidManifest.xml:125:13-49
	android:label
		ADDED from src\main\AndroidManifest.xml:124:13-45
	android:name
		ADDED from src\main\AndroidManifest.xml:123:13-50
activity#com.uestc.ui.activity.MyBindActivity
ADDED from src\main\AndroidManifest.xml:126:9-129:52
	android:screenOrientation
		ADDED from src\main\AndroidManifest.xml:129:13-49
	android:label
		ADDED from src\main\AndroidManifest.xml:128:13-45
	android:name
		ADDED from src\main\AndroidManifest.xml:127:13-43
activity#com.uestc.ui.activity.MyPropertyActivity
ADDED from src\main\AndroidManifest.xml:130:9-133:52
	android:screenOrientation
		ADDED from src\main\AndroidManifest.xml:133:13-49
	android:label
		ADDED from src\main\AndroidManifest.xml:132:13-45
	android:name
		ADDED from src\main\AndroidManifest.xml:131:13-47
activity#com.uestc.ui.activity.OpendoorActivity
ADDED from src\main\AndroidManifest.xml:134:9-137:52
	android:screenOrientation
		ADDED from src\main\AndroidManifest.xml:137:13-49
	android:label
		ADDED from src\main\AndroidManifest.xml:136:13-45
	android:name
		ADDED from src\main\AndroidManifest.xml:135:13-45
activity#com.uestc.ui.activity.RegisterActivity2
ADDED from src\main\AndroidManifest.xml:138:9-141:52
	android:screenOrientation
		ADDED from src\main\AndroidManifest.xml:141:13-49
	android:label
		ADDED from src\main\AndroidManifest.xml:140:13-45
	android:name
		ADDED from src\main\AndroidManifest.xml:139:13-46
activity#com.uestc.ui.activity.MeActivity2
ADDED from src\main\AndroidManifest.xml:142:9-145:52
	android:screenOrientation
		ADDED from src\main\AndroidManifest.xml:145:13-49
	android:label
		ADDED from src\main\AndroidManifest.xml:144:13-45
	android:name
		ADDED from src\main\AndroidManifest.xml:143:13-40
activity#com.uestc.ui.activity.MeActivity3
ADDED from src\main\AndroidManifest.xml:146:9-149:52
	android:screenOrientation
		ADDED from src\main\AndroidManifest.xml:149:13-49
	android:label
		ADDED from src\main\AndroidManifest.xml:148:13-45
	android:name
		ADDED from src\main\AndroidManifest.xml:147:13-40
activity#com.uestc.ui.activity.VerificationActivity1
ADDED from src\main\AndroidManifest.xml:150:9-153:52
	android:screenOrientation
		ADDED from src\main\AndroidManifest.xml:153:13-49
	android:label
		ADDED from src\main\AndroidManifest.xml:152:13-45
	android:name
		ADDED from src\main\AndroidManifest.xml:151:13-50
activity#com.uestc.ui.activity.VerificationActivity2
ADDED from src\main\AndroidManifest.xml:154:9-157:52
	android:screenOrientation
		ADDED from src\main\AndroidManifest.xml:157:13-49
	android:label
		ADDED from src\main\AndroidManifest.xml:156:13-45
	android:name
		ADDED from src\main\AndroidManifest.xml:155:13-50
activity#com.uestc.ui.activity.VerificationActivity3
ADDED from src\main\AndroidManifest.xml:158:9-161:52
	android:screenOrientation
		ADDED from src\main\AndroidManifest.xml:161:13-49
	android:label
		ADDED from src\main\AndroidManifest.xml:160:13-45
	android:name
		ADDED from src\main\AndroidManifest.xml:159:13-50
activity#com.uestc.ui.activity.SetPasswordActivity
ADDED from src\main\AndroidManifest.xml:167:9-170:52
	android:screenOrientation
		ADDED from src\main\AndroidManifest.xml:170:13-49
	android:label
		ADDED from src\main\AndroidManifest.xml:169:13-45
	android:name
		ADDED from src\main\AndroidManifest.xml:168:13-48
receiver#com.uestc.ui.activity.ForceOfflineBroadCastReceiver
ADDED from src\main\AndroidManifest.xml:172:9-176:20
	android:name
		ADDED from src\main\AndroidManifest.xml:172:19-64
intent-filter#com.example.broadcastpractice.FORCE_OFFLINE
ADDED from src\main\AndroidManifest.xml:173:13-175:29
action#com.example.broadcastpractice.FORCE_OFFLINE
ADDED from src\main\AndroidManifest.xml:174:17-86
	android:name
		ADDED from src\main\AndroidManifest.xml:174:25-83
receiver#com.uestc.BroadcastReceivers.AutoConnectWiFiBroadcastReceiver
ADDED from src\main\AndroidManifest.xml:177:9-181:20
	android:name
		ADDED from src\main\AndroidManifest.xml:177:19-95
intent-filter#AUTO_UPDATE_IDEAL_WIFI
ADDED from src\main\AndroidManifest.xml:178:13-180:29
action#AUTO_UPDATE_IDEAL_WIFI
ADDED from src\main\AndroidManifest.xml:179:17-65
	android:name
		ADDED from src\main\AndroidManifest.xml:179:25-62
activity#com.uestc.ui.activity.LowOpenActivity
ADDED from src\main\AndroidManifest.xml:183:9-185:52
	android:screenOrientation
		ADDED from src\main\AndroidManifest.xml:185:13-49
	android:name
		ADDED from src\main\AndroidManifest.xml:184:13-44
service#com.uestc.service.BluetoothControler
ADDED from src\main\AndroidManifest.xml:187:9-191:19
	android:name
		ADDED from src\main\AndroidManifest.xml:187:18-69
intent-filter#start_bluetooth_unlock
ADDED from src\main\AndroidManifest.xml:188:13-190:29
action#start_bluetooth_unlock
ADDED from src\main\AndroidManifest.xml:189:17-65
	android:name
		ADDED from src\main\AndroidManifest.xml:189:25-62
service#com.uestc.service.WifiUnlocker
ADDED from src\main\AndroidManifest.xml:192:9-196:19
	android:name
		ADDED from src\main\AndroidManifest.xml:192:18-63
intent-filter#start_wifi_unlock
ADDED from src\main\AndroidManifest.xml:193:13-195:29
action#start_wifi_unlock
ADDED from src\main\AndroidManifest.xml:194:17-60
	android:name
		ADDED from src\main\AndroidManifest.xml:194:25-57
service#com.uestc.service.ShakeSensorService
ADDED from src\main\AndroidManifest.xml:197:9-200:39
	android:exported
		ADDED from src\main\AndroidManifest.xml:200:13-36
	android:enabled
		ADDED from src\main\AndroidManifest.xml:199:13-35
	android:name
		ADDED from src\main\AndroidManifest.xml:198:13-64
activity#com.uestc.ui.activity.ShopActivity
ADDED from src\main\AndroidManifest.xml:202:9-50
	android:name
		ADDED from src\main\AndroidManifest.xml:202:19-47
activity#com.uestc.ui.activity.MyStopActivity
ADDED from src\main\AndroidManifest.xml:203:9-61
	android:name
		ADDED from src\main\AndroidManifest.xml:203:19-49